[]
Note: Google Test filter = -LibRadosList*.EnumerateObjects*
[==========] Running 21 tests from 5 test cases.
[----------] Global test environment set-up.
[----------] 3 tests from LibRadosList
[ RUN      ] LibRadosList.ListObjects
[       OK ] LibRadosList.ListObjects (18632 ms)
[ RUN      ] LibRadosList.ListObjectsNS
[       OK ] LibRadosList.ListObjectsNS (117 ms)
[ RUN      ] LibRadosList.ListObjectsStart
1 0
15 1
11 1
10 2
13 2
7 2
6 3
3 3
4 3
12 3
5 5
8 5
14 6
0 6
9 7
2 7
have 9 expect one of 2,9
have 14 expect one of 0,14
have 5 expect one of 5,8
have 6 expect one of 12,3,4,6
have 10 expect one of 10,13,7
have 15 expect one of 11,15
have 1 expect one of 1
[       OK ] LibRadosList.ListObjectsStart (151 ms)
[----------] 3 tests from LibRadosList (18900 ms total)

[----------] 7 tests from LibRadosListPP
[ RUN      ] LibRadosListPP.ListObjectsPP
[       OK ] LibRadosListPP.ListObjectsPP (8617 ms)
[ RUN      ] LibRadosListPP.ListObjectsTwicePP
[       OK ] LibRadosListPP.ListObjectsTwicePP (132 ms)
[ RUN      ] LibRadosListPP.ListObjectsCopyIterPP
[       OK ] LibRadosListPP.ListObjectsCopyIterPP (77 ms)
[ RUN      ] LibRadosListPP.ListObjectsEndIter
[       OK ] LibRadosListPP.ListObjectsEndIter (97 ms)
[ RUN      ] LibRadosListPP.ListObjectsPPNS
[       OK ] LibRadosListPP.ListObjectsPPNS (203 ms)
[ RUN      ] LibRadosListPP.ListObjectsManyPP
135 0
1 0
77 0
184 0
96 0
178 0
26 0
74 0
205 0
69 0
177 0
55 0
199 0
194 0
220 0
88 0
251 0
195 0
97 0
193 0
212 0
95 0
182 0
41 0
141 1
134 1
18 1
151 1
15 1
29 1
170 1
84 1
157 1
222 1
11 1
206 1
108 1
203 1
225 1
242 1
232 1
221 1
48 1
110 1
213 1
38 1
100 1
24 1
87 1
187 1
147 1
98 1
107 1
102 1
233 1
210 1
40 1
35 1
85 1
146 1
36 2
243 2
133 2
188 2
126 2
215 2
211 2
64 2
145 2
21 2
17 2
37 2
129 2
176 2
57 2
209 2
10 2
161 2
13 2
229 2
34 2
235 2
25 2
142 2
7 2
164 2
132 2
131 3
128 3
33 3
42 3
224 3
6 3
65 3
71 3
27 3
162 3
234 3
150 3
115 3
238 3
28 3
78 3
67 3
3 3
201 3
153 3
120 3
180 3
223 3
44 3
155 3
226 3
248 3
148 3
118 3
58 3
158 3
61 3
4 3
94 3
172 3
31 3
45 3
12 3
136 4
23 4
249 4
138 4
19 4
186 4
244 4
190 4
46 4
228 4
119 4
240 4
191 4
92 4
152 4
253 4
140 4
137 4
216 4
179 4
250 4
16 4
59 4
208 4
91 4
62 4
159 4
123 5
52 5
22 5
181 5
219 5
246 5
49 5
43 5
156 5
111 5
252 5
90 5
237 5
231 5
112 5
168 5
104 5
68 5
5 5
105 5
66 5
166 5
76 5
113 5
75 5
189 5
185 5
72 5
8 5
124 5
139 5
82 6
53 6
116 6
14 6
79 6
89 6
99 6
20 6
241 6
160 6
0 6
39 6
70 6
32 6
175 6
101 6
30 6
198 6
204 6
163 6
122 6
196 6
169 6
73 6
254 6
230 6
47 6
154 6
63 6
171 6
192 6
255 6
149 6
114 7
80 7
86 7
214 7
227 7
245 7
109 7
167 7
207 7
173 7
9 7
50 7
144 7
83 7
103 7
218 7
60 7
197 7
54 7
130 7
127 7
200 7
239 7
56 7
121 7
202 7
236 7
247 7
106 7
51 7
143 7
165 7
93 7
183 7
2 7
174 7
217 7
125 7
81 7
117 7
saw 8 pgs 
[       OK ] LibRadosListPP.ListObjectsManyPP (20988 ms)
[ RUN      ] LibRadosListPP.ListObjectsStartPP
1 0
15 1
11 1
10 2
13 2
7 2
6 3
3 3
4 3
12 3
5 5
8 5
14 6
0 6
9 7
2 7
have 9 expect one of 2,9
have 14 expect one of 0,14
have 5 expect one of 5,8
have 6 expect one of 12,3,4,6
have 10 expect one of 10,13,7
have 15 expect one of 11,15
have 1 expect one of 1
[       OK ] LibRadosListPP.ListObjectsStartPP (120 ms)
[----------] 7 tests from LibRadosListPP (30234 ms total)

[----------] 3 tests from LibRadosListEC
[ RUN      ] LibRadosListEC.ListObjects
[       OK ] LibRadosListEC.ListObjects (2002 ms)
[ RUN      ] LibRadosListEC.ListObjectsNS
[       OK ] LibRadosListEC.ListObjectsNS (916 ms)
[ RUN      ] LibRadosListEC.ListObjectsStart
1 0
15 1
11 1
10 2
13 2
7 2
6 3
3 3
4 3
12 3
5 5
8 5
14 6
0 6
9 7
2 7
have 9 expect one of 2,9
have 14 expect one of 0,14
have 5 expect one of 5,8
have 6 expect one of 12,3,4,6
have 10 expect one of 10,13,7
have 15 expect one of 11,15
have 1 expect one of 1
[       OK ] LibRadosListEC.ListObjectsStart (535 ms)
[----------] 3 tests from LibRadosListEC (3453 ms total)

[----------] 7 tests from LibRadosListECPP
[ RUN      ] LibRadosListECPP.ListObjectsPP
[       OK ] LibRadosListECPP.ListObjectsPP (1987 ms)
[ RUN      ] LibRadosListECPP.ListObjectsTwicePP
[       OK ] LibRadosListECPP.ListObjectsTwicePP (31 ms)
[ RUN      ] LibRadosListECPP.ListObjectsCopyIterPP
[       OK ] LibRadosListECPP.ListObjectsCopyIterPP (21 ms)
[ RUN      ] LibRadosListECPP.ListObjectsEndIter
[       OK ] LibRadosListECPP.ListObjectsEndIter (22 ms)
[ RUN      ] LibRadosListECPP.ListObjectsPPNS
[       OK ] LibRadosListECPP.ListObjectsPPNS (233 ms)
[ RUN      ] LibRadosListECPP.ListObjectsManyPP
135 0
1 0
77 0
184 0
96 0
178 0
26 0
74 0
205 0
69 0
177 0
55 0
199 0
194 0
220 0
88 0
251 0
195 0
97 0
193 0
212 0
95 0
182 0
41 0
141 1
134 1
18 1
151 1
15 1
29 1
170 1
84 1
157 1
222 1
11 1
206 1
108 1
203 1
225 1
242 1
232 1
221 1
48 1
110 1
213 1
38 1
100 1
24 1
87 1
187 1
147 1
98 1
107 1
102 1
233 1
210 1
40 1
35 1
85 1
146 1
36 2
243 2
133 2
188 2
126 2
215 2
211 2
64 2
145 2
21 2
17 2
37 2
129 2
176 2
57 2
209 2
10 2
161 2
13 2
229 2
34 2
235 2
25 2
142 2
7 2
164 2
132 2
131 3
128 3
33 3
42 3
224 3
6 3
65 3
71 3
27 3
162 3
234 3
150 3
115 3
238 3
28 3
78 3
67 3
3 3
201 3
153 3
120 3
180 3
223 3
44 3
155 3
226 3
248 3
148 3
118 3
58 3
158 3
61 3
4 3
94 3
172 3
31 3
45 3
12 3
136 4
23 4
249 4
138 4
19 4
186 4
244 4
190 4
46 4
228 4
119 4
240 4
191 4
92 4
152 4
253 4
140 4
137 4
216 4
179 4
250 4
16 4
59 4
208 4
91 4
62 4
159 4
123 5
52 5
22 5
181 5
219 5
246 5
49 5
43 5
156 5
111 5
252 5
90 5
237 5
231 5
112 5
168 5
104 5
68 5
5 5
105 5
66 5
166 5
76 5
113 5
75 5
189 5
185 5
72 5
8 5
124 5
139 5
82 6
53 6
116 6
14 6
79 6
89 6
99 6
20 6
241 6
160 6
0 6
39 6
70 6
32 6
175 6
101 6
30 6
198 6
204 6
163 6
122 6
196 6
169 6
73 6
254 6
230 6
47 6
154 6
63 6
171 6
192 6
255 6
149 6
114 7
80 7
86 7
214 7
227 7
245 7
109 7
167 7
207 7
173 7
9 7
50 7
144 7
83 7
103 7
218 7
60 7
197 7
54 7
130 7
127 7
200 7
239 7
56 7
121 7
202 7
236 7
247 7
106 7
51 7
143 7
165 7
93 7
183 7
2 7
174 7
217 7
125 7
81 7
117 7
saw 8 pgs 
[       OK ] LibRadosListECPP.ListObjectsManyPP (5124 ms)
[ RUN      ] LibRadosListECPP.ListObjectsStartPP
1 0
15 1
11 1
10 2
13 2
7 2
6 3
3 3
4 3
12 3
5 5
8 5
14 6
0 6
9 7
2 7
have 9 expect one of 2,9
have 14 expect one of 0,14
have 5 expect one of 5,8
have 6 expect one of 12,3,4,6
have 10 expect one of 10,13,7
have 15 expect one of 11,15
have 1 expect one of 1
[       OK ] LibRadosListECPP.ListObjectsStartPP (724 ms)
[----------] 7 tests from LibRadosListECPP (8142 ms total)

[----------] 1 test from LibRadosListNP
[ RUN      ] LibRadosListNP.ListObjectsError
[       OK ] LibRadosListNP.ListObjectsError (3151 ms)
[----------] 1 test from LibRadosListNP (3151 ms total)

[----------] Global test environment tear-down
[==========] 21 tests from 5 test cases ran. (79305 ms total)
[  PASSED  ] 21 tests.
